#!/usr/bin/env bash

if test "$LC_ALL" != en_US.UTF-8 && which hint &>/dev/null; then
    for x in $(seq 1 3); do
        hint "

****************************************************************
注意：你没有使用英文系统（当前 LC_ALL 环境变量值：“$LC_ALL”，在这种情况下，系统的很多出错信息用这个 grep-errors 脚本可能搜不出来，因为它的正则表达式全部是基于英文环境下的一些常见出错文本创建的。

请考虑将你的系统语言设置为英文，这样以后你编译的 Log 也会用英文打印出错信息。具体做法是在 ~/.profile 文件的最后添加：

export LANG=en_US.UTF-8
export LC_ALL=en_US.UTF-8
export LANGUAGE=en_US:en

（重要的事情说 $x/3 遍）"
    done
fi


## start code-generator "^\\s *#\\s *"
# generate-getopt m:max-line-length=1000 d:complition-dir
## end code-generator
## start generated code
TEMP=$( getopt -o d:m:h \
               --long complition-dir:,max-line-length:,help \
               -n $(basename -- $0) -- "$@")
declare complition_dir=
declare max_line_length=1000
eval set -- "$TEMP"
while true; do
    case "$1" in

        -d|--complition-dir)
            complition_dir=$2
            shift 2

            ;;
        -m|--max-line-length)
            max_line_length=$2
            shift 2

            ;;
        -h|--help)
            set +x
            echo -e
            echo
            echo Options and arguments:
            printf %06s '-d, '
            printf %-24s '--complition-dir=COMPLITION_DIR'
            echo
            printf %06s '-m, '
            printf %-24s '--max-line-length=MAX_LINE_LENGTH'
            echo
            exit
            shift
            ;;
        --)
            shift
            break
            ;;
        *)
            die "internal error: $(. bt; echo; bt | indent-stdin)"
            ;;
    esac
done


## end generated code

pcre=-P

error_patterns=(
    '\*\*\*.*stop'
    'acp: partial write to'
    'method does not override or implement'
    'syntax error'
    'invalid argument'
    'argument list too long'
    'no such '
    'circular.*dropped'
    'no rule to'
    'failed'
    '[0-9]elapsed '
    'cannot find symbol'
    'error [0-9]'
    ' : error '
    'because of errors'
    '[0-9] error\b'
    'error:'
    'command not found'
    ': not found' # /bin/sh: 1: bc: not found
    'error while loading shared libraries'
    'undefined symbol'
    'undefined reference to'
    'permission denied'
    'test.*unary operator expected'
    'No space left on device'
    'Traceback \(most recent call last'
    'javac: file not found:'
    'illegal start of type'
    'error, forbidden warning: '
    'Out of memory error'
    'Multiple same specifications'
    'Communication error with Jack server'
    'te:[0-9]*:ERROR .unknown type'
    'fatal: cannot obtain manifest'
    '> Could not'
)

pat=$(
    set -- "${error_patterns[@]}"
    echo -n "$1"
    shift
    while test $# -gt 0; do
        echo -n "|$1"
        shift
    done
   )

if ! test "$#" = 1 -a -e "$1"; then
    die "Can only run with 1 BUILD.LOG file"
fi

false_positives=$(
    cat <<'EOF'
:\d+:HEAD is now at
Failed to open dex file .\..: Failed to find magic in .\..
has no default or required localization
has no default translation
java-source-list: No such file or directory
ln: failed to create symbolic link.*File exists
:\d+:\s+.*".*(failed|error).*"
string .* is missing \d+ required localizations
Setting locale failed
find: `(src|phone/java|dummy)': No such file or directory
cannot stat .vendor/qcom/proprietary/mm-camera/mm-camera2/media-controller/modules/isp2/test/8994/data/.*: No such file or directory
classes.jar: unknown package name of class file
warning: no entries written for string/
failed to reconstruct target deflate chunk 1
make: .*/target/product/.*/recovery.img. Error 1 .ignored.
cp: cannot stat .*/target/product/.*/root/init.recovery.*.rc.*: No such file or directory
mapname:  conversion of  failed
static void LocationService_agps_data_conn_failed\(
after.failed - before.failed, pos\);
int err = FAILED;
int ret = FAILED;
if \(ret == MAP_FAILED\) \{
FindEmulator: find:.*No such file or directory
dex2oatd.*art/runtime/gc/space/image_space.cc:.*dex_bootjars/system/framework/arm.*/boot.art.*failed
m_pHDCPInputBuffers.*start == MAP_FAILED
int rc = FAILED
void reportError\(LocationError::LocationErrorType errorType\);
tNFA_STATUS \w+ = NFA_STATUS_FAILED;
:\d+:\++ (grep 'Out of memory error' out/build.log|grep 'Communication error with Jack server' out/build.log|smartcm-android-build-failed|.*last-build-failed|build-failed out/build.log|mail-devs-for-build-failed|failed_times=|.*failed_times\+\+)
grep 'Communication error with Jack server' out/build.log
smartcm-android-build-failed
depmod: WARNING: could not open .*obj/PACKAGING/depmod_vendor_intermediates/lib/modules/0.0/modules.order: No such file or directory
Unable to open '/system/framework/core-libart.jar': No such file or directory
Warning.*: Failed prerequisite 'reg_format'
out/host/linux-x86/bin/apicheck.*-error.*-error
if \(ret == \(uint64_t\)MAP_FAILED\) \{
EOF

    if test -e flashing-files/.scripts/false-build-error-filter; then
        cat flashing-files/.scripts/false-build-error-filter |grep .
    fi
               )

cut -b 1-${max_line_length} "$@" |
    grep -i -H -n $pcre -e "$pat" --label="$*" |
    grep -v "$(echo -n "$false_positives" | tr \\n \||perl -pe 's,\|$,,')" -P -i |
    if test -z "${complition_dir}"; then
        cat
    else
        (
            echo "# -*- mode: compilation -*-"
            echo "make: Entering directory \`${complition_dir}'"
            perl -pe 's,.*?:\d+:,,'
        )
    fi
true
